jobID        : 0032
fname        : /users/lburmist/059_c_cpu_info//0032.out
jobID        : 0009
fname        : /users/lburmist/059_c_cpu_info//0009.out
jobID        : 0011
fname        : /users/lburmist/059_c_cpu_info//0011.out
jobID        : 0055
fname        : /users/lburmist/059_c_cpu_info//0055.out
jobID        : 0043
fname        : /users/lburmist/059_c_cpu_info//0043.out
jobID        : 0047
fname        : /users/lburmist/059_c_cpu_info//0047.out
jobID        : 0058
fname        : /users/lburmist/059_c_cpu_info//0058.out
jobID        : 0019
fname        : /users/lburmist/059_c_cpu_info//0019.out
jobID        : 0021
fname        : /users/lburmist/059_c_cpu_info//0021.out
jobID        : 0018
fname        : /users/lburmist/059_c_cpu_info//0018.out
jobID        : 0063
fname        : /users/lburmist/059_c_cpu_info//0063.out
jobID        : 0008
fname        : /users/lburmist/059_c_cpu_info//0008.out
jobID        : 0026
fname        : /users/lburmist/059_c_cpu_info//0026.out
jobID        : 0022
fname        : /users/lburmist/059_c_cpu_info//0022.out
jobID        : 0013
fname        : /users/lburmist/059_c_cpu_info//0013.out
jobID        : 0034
fname        : /users/lburmist/059_c_cpu_info//0034.out
jobID        : 0015
fname        : /users/lburmist/059_c_cpu_info//0015.out
jobID        : 0050
fname        : /users/lburmist/059_c_cpu_info//0050.out
jobID        : 0005
fname        : /users/lburmist/059_c_cpu_info//0005.out
jobID        : 0024
fname        : /users/lburmist/059_c_cpu_info//0024.out
jobID        : 0070
fname        : /users/lburmist/059_c_cpu_info//0070.out
Working time : 7 (sec)
Working time : 8 (sec)
Working time : 7 (sec)
jobID        : 0002
fname        : /users/lburmist/059_c_cpu_info//0002.out
Working time : 8 (sec)
jobID        : 0052
fname        : /users/lburmist/059_c_cpu_info//0052.out
Working time : 8 (sec)
Working time : 8 (sec)
Working time : 8 (sec)
jobID        : 0020
fname        : /users/lburmist/059_c_cpu_info//0020.out
Working time : 8 (sec)
jobID        : 0066
fname        : /users/lburmist/059_c_cpu_info//0066.out
Working time : 8 (sec)
jobID        : 0049
fname        : /users/lburmist/059_c_cpu_info//0049.out
jobID        : 0061
fname        : /users/lburmist/059_c_cpu_info//0061.out
jobID        : 0060
fname        : /users/lburmist/059_c_cpu_info//0060.out
Working time : 8 (sec)
jobID        : 0044
fname        : /users/lburmist/059_c_cpu_info//0044.out
Working time : 8 (sec)
jobID        : 0000
fname        : /users/lburmist/059_c_cpu_info//0000.out
Working time : 8 (sec)
jobID        : 0051
fname        : /users/lburmist/059_c_cpu_info//0051.out
jobID        : 0003
fname        : /users/lburmist/059_c_cpu_info//0003.out
Working time : 8 (sec)
Working time : 8 (sec)
Working time : 8 (sec)
jobID        : 0006
fname        : /users/lburmist/059_c_cpu_info//0006.out
jobID        : 0036
fname        : /users/lburmist/059_c_cpu_info//0036.out
Working time : 8 (sec)
jobID        : 0067
fname        : /users/lburmist/059_c_cpu_info//0067.out
Working time : 8 (sec)
Working time : 8 (sec)
Working time : 8 (sec)
jobID        : 0016
fname        : /users/lburmist/059_c_cpu_info//0016.out
Working time : 8 (sec)
Working time : 8 (sec)
jobID        : 0007
fname        : /users/lburmist/059_c_cpu_info//0007.out
jobID        : 0039
fname        : /users/lburmist/059_c_cpu_info//0039.out
jobID        : 0004
fname        : /users/lburmist/059_c_cpu_info//0004.out
jobID        : 0031
fname        : /users/lburmist/059_c_cpu_info//0031.out
jobID        : 0017
fname        : /users/lburmist/059_c_cpu_info//0017.out
Working time : 8 (sec)
jobID        : 0001
fname        : /users/lburmist/059_c_cpu_info//0001.out
jobID        : 0030
fname        : /users/lburmist/059_c_cpu_info//0030.out
Working time : 8 (sec)
jobID        : 0064
fname        : /users/lburmist/059_c_cpu_info//0064.out
jobID        : 0048
fname        : /users/lburmist/059_c_cpu_info//0048.out
jobID        : 0062
fname        : /users/lburmist/059_c_cpu_info//0062.out
jobID        : 0045
fname        : /users/lburmist/059_c_cpu_info//0045.out
jobID        : 0053
fname        : /users/lburmist/059_c_cpu_info//0053.out
Working time : 8 (sec)
jobID        : 0037
fname        : /users/lburmist/059_c_cpu_info//0037.out
jobID        : 0041
fname        : /users/lburmist/059_c_cpu_info//0041.out
Working time : 8 (sec)
jobID        : 0028
fname        : /users/lburmist/059_c_cpu_info//0028.out
jobID        : 0014
fname        : /users/lburmist/059_c_cpu_info//0014.out
Working time : 8 (sec)
Working time : 8 (sec)
jobID        : 0023
fname        : /users/lburmist/059_c_cpu_info//0023.out
jobID        : 0069
fname        : /users/lburmist/059_c_cpu_info//0069.out
Working time : 8 (sec)
jobID        : 0025
fname        : /users/lburmist/059_c_cpu_info//0025.out
jobID        : 0046
fname        : /users/lburmist/059_c_cpu_info//0046.out
Working time : 8 (sec)
jobID        : 0068
fname        : /users/lburmist/059_c_cpu_info//0068.out
Working time : 8 (sec)
jobID        : 0042
fname        : /users/lburmist/059_c_cpu_info//0042.out
jobID        : 0029
fname        : /users/lburmist/059_c_cpu_info//0029.out
jobID        : 0033
fname        : /users/lburmist/059_c_cpu_info//0033.out
Working time : 8 (sec)
Working time : 8 (sec)
Working time : 8 (sec)
Working time : 8 (sec)
Working time : 8 (sec)
Working time : 8 (sec)
Working time : 8 (sec)
Working time : 8 (sec)
Working time : 8 (sec)
Working time : 8 (sec)
Working time : 8 (sec)
jobID        : 0010
fname        : /users/lburmist/059_c_cpu_info//0010.out
jobID        : 0056
fname        : /users/lburmist/059_c_cpu_info//0056.out
Working time : 8 (sec)
Working time : 8 (sec)
Working time : 8 (sec)
Working time : 8 (sec)
Working time : 8 (sec)
Working time : 8 (sec)
Working time : 8 (sec)
Working time : 8 (sec)
Working time : 8 (sec)
Working time : 8 (sec)
Working time : 8 (sec)
Working time : 8 (sec)
Working time : 8 (sec)
Working time : 8 (sec)
jobID        : 0038
fname        : /users/lburmist/059_c_cpu_info//0038.out
Working time : 8 (sec)
Working time : 8 (sec)
Working time : 8 (sec)
Working time : 8 (sec)
jobID        : 0027
fname        : /users/lburmist/059_c_cpu_info//0027.out
Working time : 8 (sec)
Working time : 7 (sec)
Working time : 7 (sec)
jobID        : 0054
fname        : /users/lburmist/059_c_cpu_info//0054.out
jobID        : 0057
fname        : /users/lburmist/059_c_cpu_info//0057.out
jobID        : 0065
fname        : /users/lburmist/059_c_cpu_info//0065.out
Working time : 7 (sec)
jobID        : 0035
fname        : /users/lburmist/059_c_cpu_info//0035.out
Working time : 7 (sec)
jobID        : 0012
fname        : /users/lburmist/059_c_cpu_info//0012.out
jobID        : 0040
fname        : /users/lburmist/059_c_cpu_info//0040.out
jobID        : 0059
fname        : /users/lburmist/059_c_cpu_info//0059.out
Working time : 7 (sec)
Working time : 7 (sec)
Working time : 7 (sec)
Working time : 7 (sec)
Working time : 7 (sec)
Working time : 7 (sec)
Working time : 7 (sec)


Batch Job Summary Report (version 21.01.1) for Job "greasy" (53145334) on daint

Job information (1/2)
-----------------------------------------------------------------------------------------------------
             Submit            Eligible               Start                 End    Elapsed Time limit
------------------- ------------------- ------------------- ------------------- ---------- ----------
2024-04-29T14:35:20 2024-04-29T14:35:20 2024-04-29T14:39:25 2024-04-29T14:40:31   00:01:06   00:10:00
-----------------------------------------------------------------------------------------------------

Job information (2/2)
-------------------------------------------------------------
    Username      Account    Partition   NNodes        Energy
------------ ------------ ------------ -------- -------------
    lburmist        cta04       normal        1      8.017 kJ

